<?xml version="1.0" encoding="UTF-8"?>
<!-- Generated by org.testng.reporters.JUnitXMLReporter -->
<testsuite hostname="LAPTOP-DLVT3TH2" ignored="0" name="Surefire test" tests="8" failures="0" timestamp="2021-05-02T11:15:36 IST" time="0.058" errors="0">
  <testcase name="add" time="0.006" classname="com.test.pack1.Test1"/>
  <testcase name="div" time="0.0" classname="com.test.pack1.Test1"/>
  <testcase name="multi" time="0.0" classname="com.test.pack1.Test1"/>
  <testcase name="sub" time="0.0" classname="com.test.pack1.Test1"/>
  <testcase name="add" time="0.001" classname="com.test.pack1.Test2"/>
  <testcase name="div" time="0.0" classname="com.test.pack1.Test2"/>
  <testcase name="multi" time="0.0" classname="com.test.pack1.Test2"/>
  <testcase name="sub" time="0.001" classname="com.test.pack1.Test2"/>
</testsuite> <!-- Surefire test -->
