<?xml version="1.0" encoding="UTF-8"?>
<testsuite xmlns:xsi="http://www.w3.org/2001/XMLSchema-instance" xsi:noNamespaceSchemaLocation="https://maven.apache.org/surefire/maven-surefire-plugin/xsd/surefire-test-report.xsd" name="TestSuite" time="0.663" tests="8" errors="0" skipped="0" failures="0">
  <properties>
[...]
</properties>
  <testcase name="add" classname="com.test.pack1.Test1" time="0.008"/>
  <testcase name="div" classname="com.test.pack1.Test1" time="0"/>
  <testcase name="multi" classname="com.test.pack1.Test1" time="0.001"/>
  <testcase name="sub" classname="com.test.pack1.Test1" time="0"/>
  <testcase name="add" classname="com.test.pack1.Test2" time="0"/>
  <testcase name="div" classname="com.test.pack1.Test2" time="0.001"/>
  <testcase name="multi" classname="com.test.pack1.Test2" time="0.001"/>
  <testcase name="sub" classname="com.test.pack1.Test2" time="0"/>
</testsuite>